Using pre-set license
Built from '2021.2/staging' branch; Version is '2021.2.7f1 (6bd9e232123f) revision 7068130'; Using compiler version '192829333'; Build Type 'Release'
OS: 'Windows 10  (10.0.19044) 64bit Core' Language: 'en' Physical Memory: 32692 MB
BatchMode: 1, IsHumanControllingUs: 0, StartBugReporterOnCrash: 0, Is64bit: 1, IsPro: 0

COMMAND LINE ARGUMENTS:
E:\2021.2.7f1\Editor\Unity.exe
-adb2
-batchMode
-noUpm
-name
AssetImportWorker0
-projectPath
E:/Kosmosklubben/Kosmosklubben-Unity-Course-Projects/Flappy Bird Clone
-logFile
Logs/AssetImportWorker0.log
-srvPort
61393
Successfully changed project path to: E:/Kosmosklubben/Kosmosklubben-Unity-Course-Projects/Flappy Bird Clone
E:/Kosmosklubben/Kosmosklubben-Unity-Course-Projects/Flappy Bird Clone
[UnityMemory] Configuration Parameters - Can be set up in boot.config
    "memorysetup-bucket-allocator-granularity=16"
    "memorysetup-bucket-allocator-bucket-count=8"
    "memorysetup-bucket-allocator-block-size=33554432"
    "memorysetup-bucket-allocator-block-count=8"
    "memorysetup-main-allocator-block-size=16777216"
    "memorysetup-thread-allocator-block-size=16777216"
    "memorysetup-gfx-main-allocator-block-size=16777216"
    "memorysetup-gfx-thread-allocator-block-size=16777216"
    "memorysetup-cache-allocator-block-size=4194304"
    "memorysetup-typetree-allocator-block-size=2097152"
    "memorysetup-profiler-bucket-allocator-granularity=16"
    "memorysetup-profiler-bucket-allocator-bucket-count=8"
    "memorysetup-profiler-bucket-allocator-block-size=33554432"
    "memorysetup-profiler-bucket-allocator-block-count=8"
    "memorysetup-profiler-allocator-block-size=16777216"
    "memorysetup-profiler-editor-allocator-block-size=1048576"
    "memorysetup-temp-allocator-size-main=16777216"
    "memorysetup-job-temp-allocator-block-size=2097152"
    "memorysetup-job-temp-allocator-block-size-background=1048576"
    "memorysetup-job-temp-allocator-reduction-small-platforms=262144"
    "memorysetup-temp-allocator-size-background-worker=32768"
    "memorysetup-temp-allocator-size-job-worker=262144"
    "memorysetup-temp-allocator-size-preload-manager=33554432"
    "memorysetup-temp-allocator-size-nav-mesh-worker=65536"
    "memorysetup-temp-allocator-size-audio-worker=65536"
    "memorysetup-temp-allocator-size-cloud-worker=32768"
    "memorysetup-temp-allocator-size-gi-baking-worker=262144"
    "memorysetup-temp-allocator-size-gfx=262144"
Refreshing native plugins compatible for Editor in 34.83 ms, found 3 plugins.
Preloading 0 native plugins for Editor in 0.00 ms.
Initialize engine version: 2021.2.7f1 (6bd9e232123f)
[Subsystems] Discovering subsystems at path E:/2021.2.7f1/Editor/Data/Resources/UnitySubsystems
[Subsystems] Discovering subsystems at path E:/Kosmosklubben/Kosmosklubben-Unity-Course-Projects/Flappy Bird Clone/Assets
GfxDevice: creating device client; threaded=0; jobified=0
Direct3D:
    Version:  Direct3D 11.0 [level 11.1]
    Renderer: NVIDIA GeForce GTX 1070 (ID=0x1b81)
    Vendor:   NVIDIA
    VRAM:     8088 MB
    Driver:   30.0.14.9649
Initialize mono
Mono path[0] = 'E:/2021.2.7f1/Editor/Data/Managed'
Mono path[1] = 'E:/2021.2.7f1/Editor/Data/MonoBleedingEdge/lib/mono/unityjit-win32'
Mono config path = 'E:/2021.2.7f1/Editor/Data/MonoBleedingEdge/etc'
Using monoOptions --debugger-agent=transport=dt_socket,embedding=1,server=y,suspend=n,address=127.0.0.1:56960
Begin MonoManager ReloadAssembly
Registering precompiled unity dll's ...
Register platform support module: E:/2021.2.7f1/Editor/Data/PlaybackEngines/WindowsStandaloneSupport/UnityEditor.WindowsStandalone.Extensions.dll
Registered in 0.001975 seconds.
Native extension for WindowsStandalone target not found
Refreshing native plugins compatible for Editor in 33.87 ms, found 3 plugins.
Preloading 0 native plugins for Editor in 0.00 ms.
Mono: successfully reloaded assembly
- Completed reload, in  0.530 seconds
Domain Reload Profiling:
	ReloadAssembly (530ms)
		BeginReloadAssembly (61ms)
			ExecutionOrderSort (0ms)
			DisableScriptedObjects (0ms)
			BackupInstance (0ms)
			ReleaseScriptingObjects (0ms)
			CreateAndSetChildDomain (1ms)
		EndReloadAssembly (407ms)
			LoadAssemblies (60ms)
			RebuildTransferFunctionScriptingTraits (0ms)
			SetupTypeCache (114ms)
			ReleaseScriptCaches (0ms)
			RebuildScriptCaches (27ms)
			SetupLoadedEditorAssemblies (220ms)
				LogAssemblyErrors (0ms)
				InitializePlatformSupportModulesInManaged (13ms)
				SetLoadedEditorAssemblies (0ms)
				RefreshPlugins (34ms)
				BeforeProcessingInitializeOnLoad (1ms)
				ProcessInitializeOnLoadAttributes (131ms)
				ProcessInitializeOnLoadMethodAttributes (41ms)
				AfterProcessingInitializeOnLoad (0ms)
				EditorAssembliesLoaded (0ms)
			ExecutionOrderSort2 (0ms)
			AwakeInstancesAfterBackupRestoration (0ms)
Platform modules already initialized, skipping
Registering precompiled user dll's ...
Registered in 0.003887 seconds.
Begin MonoManager ReloadAssembly
Native extension for WindowsStandalone target not found
Refreshing native plugins compatible for Editor in 38.63 ms, found 3 plugins.
Preloading 0 native plugins for Editor in 0.00 ms.
Mono: successfully reloaded assembly
- Completed reload, in  1.130 seconds
Domain Reload Profiling:
	ReloadAssembly (1130ms)
		BeginReloadAssembly (105ms)
			ExecutionOrderSort (0ms)
			DisableScriptedObjects (6ms)
			BackupInstance (0ms)
			ReleaseScriptingObjects (0ms)
			CreateAndSetChildDomain (19ms)
		EndReloadAssembly (934ms)
			LoadAssemblies (68ms)
			RebuildTransferFunctionScriptingTraits (0ms)
			SetupTypeCache (194ms)
			ReleaseScriptCaches (0ms)
			RebuildScriptCaches (46ms)
			SetupLoadedEditorAssemblies (578ms)
				LogAssemblyErrors (0ms)
				InitializePlatformSupportModulesInManaged (9ms)
				SetLoadedEditorAssemblies (0ms)
				RefreshPlugins (39ms)
				BeforeProcessingInitializeOnLoad (54ms)
				ProcessInitializeOnLoadAttributes (436ms)
				ProcessInitializeOnLoadMethodAttributes (37ms)
				AfterProcessingInitializeOnLoad (3ms)
				EditorAssembliesLoaded (0ms)
			ExecutionOrderSort2 (0ms)
			AwakeInstancesAfterBackupRestoration (7ms)
Platform modules already initialized, skipping
========================================================================
Worker process is ready to serve import requests
Launched and connected shader compiler UnityShaderCompiler.exe after 0.09 seconds
Refreshing native plugins compatible for Editor in 0.90 ms, found 3 plugins.
Preloading 0 native plugins for Editor in 0.00 ms.
Unloading 2309 Unused Serialized files (Serialized files now loaded: 0)
Unloading 33 unused Assets / (55.8 KB). Loaded Objects now: 2768.
Memory consumption went from 104.7 MB to 104.7 MB.
Total: 3.278300 ms (FindLiveObjects: 0.227500 ms CreateObjectMapping: 0.155200 ms MarkObjects: 2.815700 ms  DeleteObjects: 0.078600 ms)

AssetImportParameters requested are different than current active one (requested -> active):
  custom:video-decoder-ogg-theora: a1e56fd34408186e4bbccfd4996cb3dc -> 
  custom:container-muxer-webm: aa71ff27fc2769a1b78a27578f13a17b -> 
  custom:container-demuxer-webm: 4f35f7cbe854078d1ac9338744f61a02 -> 
  custom:video-encoder-webm-vp8: eb34c28f22e8b96e1ab97ce403110664 -> 
  custom:audio-encoder-webm-vorbis: bf7c407c2cedff20999df2af8eb42d56 -> 
  custom:framework-win-MediaFoundation: 216162199b28c13a410421893ffa2e32 -> 
  custom:container-demuxer-ogg: 62fdf1f143b41e24485cea50d1cbac27 -> 
  custom:video-decoder-webm-vp8: 9c59270c3fd7afecdb556c50c9e8de78 -> 
  custom:audio-decoder-ogg-vorbis: bf7c407c2cedff20999df2af8eb42d56 -> 
========================================================================
Received Import Request.
  Time since last request: 180338.214468 seconds.
  path: Assets/Scripts/Player/PlayerMovement.cs
  artifactKey: Guid(459e70a157c34bb40a298cffc75b804b) Importer(815301076,1909f56bfc062723c751e8b465ee728b)
Start importing Assets/Scripts/Player/PlayerMovement.cs using Guid(459e70a157c34bb40a298cffc75b804b) Importer(815301076,1909f56bfc062723c751e8b465ee728b)  -> (artifact id: '2a8975d2740c45a02e6723bda92d7bce') in 0.035461 seconds 
========================================================================
Received Import Request.
  Time since last request: 16.026816 seconds.
  path: Assets/Scripts/Player/PlayerMovement.cs
  artifactKey: Guid(459e70a157c34bb40a298cffc75b804b) Importer(815301076,1909f56bfc062723c751e8b465ee728b)
Start importing Assets/Scripts/Player/PlayerMovement.cs using Guid(459e70a157c34bb40a298cffc75b804b) Importer(815301076,1909f56bfc062723c751e8b465ee728b)  -> (artifact id: '5ac7de5cbbb3f4947b5a3e147c28ecaf') in 0.003821 seconds 
========================================================================
Received Import Request.
  Time since last request: 2.074310 seconds.
  path: Assets/Scripts/Player/PlayerMovement.cs
  artifactKey: Guid(459e70a157c34bb40a298cffc75b804b) Importer(815301076,1909f56bfc062723c751e8b465ee728b)
Start importing Assets/Scripts/Player/PlayerMovement.cs using Guid(459e70a157c34bb40a298cffc75b804b) Importer(815301076,1909f56bfc062723c751e8b465ee728b)  -> (artifact id: '6c2f1896d79e3c1b8e0a13ddf2b280c9') in 0.001577 seconds 
========================================================================
Received Import Request.
  Time since last request: 2.803346 seconds.
  path: Assets/Scripts/Player/PlayerMovement.cs
  artifactKey: Guid(459e70a157c34bb40a298cffc75b804b) Importer(815301076,1909f56bfc062723c751e8b465ee728b)
Start importing Assets/Scripts/Player/PlayerMovement.cs using Guid(459e70a157c34bb40a298cffc75b804b) Importer(815301076,1909f56bfc062723c751e8b465ee728b)  -> (artifact id: '6a4a3e2cd18a4adf8341e9c9f1be3d04') in 0.001470 seconds 
========================================================================
Received Import Request.
  Time since last request: 7.871388 seconds.
  path: Assets/Scripts/Player/PlayerMovement.cs
  artifactKey: Guid(459e70a157c34bb40a298cffc75b804b) Importer(815301076,1909f56bfc062723c751e8b465ee728b)
Start importing Assets/Scripts/Player/PlayerMovement.cs using Guid(459e70a157c34bb40a298cffc75b804b) Importer(815301076,1909f56bfc062723c751e8b465ee728b)  -> (artifact id: 'cadf2a9fdb1c37e690e78a67a4cdb2f3') in 0.003735 seconds 
========================================================================
Received Import Request.
  Time since last request: 3.205659 seconds.
  path: Assets/Scripts/Player/PlayerMovement.cs
  artifactKey: Guid(459e70a157c34bb40a298cffc75b804b) Importer(815301076,1909f56bfc062723c751e8b465ee728b)
Start importing Assets/Scripts/Player/PlayerMovement.cs using Guid(459e70a157c34bb40a298cffc75b804b) Importer(815301076,1909f56bfc062723c751e8b465ee728b)  -> (artifact id: '5448189523adecf31dedcbd0923097c5') in 0.001497 seconds 
========================================================================
Received Import Request.
  Time since last request: 4.604380 seconds.
  path: Assets/Scripts/Player/PlayerMovement.cs
  artifactKey: Guid(459e70a157c34bb40a298cffc75b804b) Importer(815301076,1909f56bfc062723c751e8b465ee728b)
Start importing Assets/Scripts/Player/PlayerMovement.cs using Guid(459e70a157c34bb40a298cffc75b804b) Importer(815301076,1909f56bfc062723c751e8b465ee728b)  -> (artifact id: '99155389df126408d4462a3b058551a7') in 0.001649 seconds 
========================================================================
Received Import Request.
  Time since last request: 6.058638 seconds.
  path: Assets/Scripts/Player/PlayerMovement.cs
  artifactKey: Guid(459e70a157c34bb40a298cffc75b804b) Importer(815301076,1909f56bfc062723c751e8b465ee728b)
Start importing Assets/Scripts/Player/PlayerMovement.cs using Guid(459e70a157c34bb40a298cffc75b804b) Importer(815301076,1909f56bfc062723c751e8b465ee728b)  -> (artifact id: 'abfd6bf9494db172a5173e25c7978c30') in 0.001493 seconds 
========================================================================
Received Import Request.
  Time since last request: 13.351768 seconds.
  path: Assets/Scripts/Player/PlayerMovement.cs
  artifactKey: Guid(459e70a157c34bb40a298cffc75b804b) Importer(815301076,1909f56bfc062723c751e8b465ee728b)
Start importing Assets/Scripts/Player/PlayerMovement.cs using Guid(459e70a157c34bb40a298cffc75b804b) Importer(815301076,1909f56bfc062723c751e8b465ee728b)  -> (artifact id: '927356d339bd7031dfaa5c612665c69f') in 0.001664 seconds 
========================================================================
Received Import Request.
  Time since last request: 11.676574 seconds.
  path: Assets/Scripts/Player/PlayerMovement.cs
  artifactKey: Guid(459e70a157c34bb40a298cffc75b804b) Importer(815301076,1909f56bfc062723c751e8b465ee728b)
Start importing Assets/Scripts/Player/PlayerMovement.cs using Guid(459e70a157c34bb40a298cffc75b804b) Importer(815301076,1909f56bfc062723c751e8b465ee728b)  -> (artifact id: '1de25fb1dfb2c0440a9165f7fe761ae1') in 0.001650 seconds 
========================================================================
Received Import Request.
  Time since last request: 4.224563 seconds.
  path: Assets/Scripts/Player/PlayerMovement.cs
  artifactKey: Guid(459e70a157c34bb40a298cffc75b804b) Importer(815301076,1909f56bfc062723c751e8b465ee728b)
Start importing Assets/Scripts/Player/PlayerMovement.cs using Guid(459e70a157c34bb40a298cffc75b804b) Importer(815301076,1909f56bfc062723c751e8b465ee728b)  -> (artifact id: '26383e104fb390ec87e0005ceac24c0b') in 0.001599 seconds 
========================================================================
Received Import Request.
  Time since last request: 5.184892 seconds.
  path: Assets/Scripts/Player/PlayerMovement.cs
  artifactKey: Guid(459e70a157c34bb40a298cffc75b804b) Importer(815301076,1909f56bfc062723c751e8b465ee728b)
Start importing Assets/Scripts/Player/PlayerMovement.cs using Guid(459e70a157c34bb40a298cffc75b804b) Importer(815301076,1909f56bfc062723c751e8b465ee728b)  -> (artifact id: 'aaf21d677314eda3e9ed0871c89fb3ab') in 0.002240 seconds 
========================================================================
Received Import Request.
  Time since last request: 11.963122 seconds.
  path: Assets/Scripts/Player/PlayerMovement.cs
  artifactKey: Guid(459e70a157c34bb40a298cffc75b804b) Importer(815301076,1909f56bfc062723c751e8b465ee728b)
Start importing Assets/Scripts/Player/PlayerMovement.cs using Guid(459e70a157c34bb40a298cffc75b804b) Importer(815301076,1909f56bfc062723c751e8b465ee728b)  -> (artifact id: 'b65147565bfe14127e57b436652cfee8') in 0.001526 seconds 
